[16:19:12] [ServerMain/INFO]: Building unoptimized datafixer
[16:19:13] [ServerMain/INFO]: Environment: authHost='https://authserver.mojang.com', accountsHost='https://api.mojang.com', sessionHost='https://sessionserver.mojang.com', servicesHost='https://api.minecraftservices.com', name='PROD'
[16:19:14] [ServerMain/INFO]: Loaded 7 recipes
[16:19:14] [ServerMain/INFO]: Loaded 1179 advancements
[16:19:14] [Server thread/INFO]: Starting minecraft server version 1.19.2
[16:19:14] [Server thread/INFO]: Loading properties
[16:19:14] [Server thread/INFO]: Default game type: SURVIVAL
[16:19:14] [Server thread/INFO]: Generating keypair
[16:19:14] [Server thread/INFO]: Starting Minecraft server on *:25565
[16:19:14] [Server thread/INFO]: Using default channel type
[16:19:14] [Server thread/WARN]: **** SERVER IS RUNNING IN OFFLINE/INSECURE MODE!
[16:19:14] [Server thread/WARN]: The server will make no attempt to authenticate usernames. Beware.
[16:19:14] [Server thread/WARN]: While this makes the game possible to play without internet access, it also opens up the ability for hackers to connect with any username they choose.
[16:19:14] [Server thread/WARN]: To change this, set "online-mode" to "true" in the server.properties file.
[16:19:14] [Server thread/INFO]: Preparing level "world"
[16:19:14] [Server thread/INFO]: Preparing start region for dimension minecraft:overworld
[16:19:16] [Worker-Main-1/INFO]: Preparing spawn area: 0%
[16:19:16] [Worker-Main-2/INFO]: Preparing spawn area: 0%
[16:19:16] [Worker-Main-4/INFO]: Preparing spawn area: 0%
[16:19:16] [Worker-Main-4/INFO]: Preparing spawn area: 0%
[16:19:16] [Worker-Main-7/INFO]: Preparing spawn area: 0%
[16:19:17] [Worker-Main-5/INFO]: Preparing spawn area: 0%
[16:19:17] [Worker-Main-1/INFO]: Preparing spawn area: 56%
[16:19:18] [Server thread/INFO]: Time elapsed: 3243 ms
[16:19:18] [Server thread/INFO]: Done (3.374s)! For help, type "help"
[16:21:01] [Server thread/INFO]: renato[/[0:0:0:0:0:0:0:1]:57069] logged in with entity id 135 at (-141.3228793617276, -50.0, -1792.0874234118357)
[16:21:01] [Server thread/INFO]: renato joined the game
[16:21:13] [Server thread/WARN]: Can't keep up! Is the server overloaded? Running 12067ms or 241 ticks behind
[16:21:40] [Server thread/WARN]: Can't keep up! Is the server overloaded? Running 2130ms or 42 ticks behind
[16:28:05] [Server thread/INFO]: [renato: Teleported renato to -138.590000, -45.000000, -1792.620000]
[17:02:25] [Server thread/INFO]: [Not Secure] <renato> 21
[17:07:44] [Server thread/INFO]: renato has made the advancement [What a Deal!]
[17:09:17] [Server thread/INFO]: [renato: Teleported renato to -136.500000, -50.000000, -1699.500000]
[17:09:22] [Server thread/WARN]: Can't keep up! Is the server overloaded? Running 4093ms or 81 ticks behind
[17:09:29] [Server thread/INFO]: renato lost connection: Disconnected
[17:09:29] [Server thread/INFO]: renato left the game
[17:10:32] [Server thread/INFO]: Incorrect argument for command
[17:10:32] [Server thread/INFO]: gamerule keepinventory true<--[HERE]
[17:10:42] [Server thread/INFO]: Incorrect argument for command
[17:10:42] [Server thread/INFO]: gamerule keepinventory true<--[HERE]
[17:10:53] [Server thread/INFO]: renato[/[0:0:0:0:0:0:0:1]:57084] logged in with entity id 12022 at (-136.5, -50.0, -1699.5)
[17:10:53] [Server thread/INFO]: renato joined the game
[17:10:59] [Server thread/INFO]: renato suffocated in a wall
[17:12:08] [Server thread/INFO]: [renato: Gamerule keepInventory is now set to: true]
[17:12:52] [Server thread/INFO]: [renato: Teleported renato to -136.500000, -50.000000, -1699.500000]
[17:13:03] [Server thread/INFO]: renato suffocated in a wall
[17:13:09] [Server thread/INFO]: [renato: Teleported renato to -136.500000, 50.000000, -1699.500000]
[17:13:14] [Server thread/INFO]: [renato: Teleported renato to -136.500000, 150.000000, -1699.500000]
[17:13:17] [Server thread/INFO]: renato fell from a high place
[17:13:25] [Server thread/INFO]: [renato: Teleported renato to -136.500000, 66.000000, -1699.500000]
[17:13:54] [Server thread/INFO]: [renato: Teleported renato to -136.500000, 66.000000, -1699.500000]
[17:17:24] [Server thread/INFO]: renato was slain by Zombie
[17:17:40] [Server thread/INFO]: [renato: Teleported renato to -136.500000, 66.000000, -1699.500000]
[17:17:43] [Server thread/INFO]: renato fell from a high place
[17:20:15] [Server thread/INFO]: [renato: Gave 1 [Potato] to renato]
[17:20:42] [Server thread/INFO]: [renato: Gave 1 [Potato] to renato]
[17:20:43] [Server thread/INFO]: [renato: Gave 1 [Potato] to renato]
[17:20:44] [Server thread/INFO]: [renato: Gave 1 [Potato] to renato]
[17:20:44] [Server thread/INFO]: [renato: Gave 1 [Potato] to renato]
[17:20:45] [Server thread/INFO]: [renato: Gave 1 [Potato] to renato]
[17:21:08] [Server thread/INFO]: [renato: Gave 1 [Iron Chestplate] to renato]
[17:21:25] [Server thread/INFO]: [renato: Gave 1 [Iron Leggings] to renato]
[17:21:35] [Server thread/INFO]: [renato: Gave 1 [Iron Pickaxe] to renato]
[17:21:44] [Server thread/INFO]: [renato: Gave 1 [Iron Sword] to renato]
[17:22:13] [Server thread/INFO]: [renato: Teleported renato to -135.500000, -50.000000, -1793.500000]
[17:24:08] [Server thread/INFO]: [renato: Gave 1 [Baked Potato] to renato]
[17:24:12] [Server thread/INFO]: [renato: Gave 1 [Baked Potato] to renato]
[17:24:13] [Server thread/INFO]: [renato: Gave 1 [Baked Potato] to renato]
[17:26:42] [Server thread/INFO]: renato lost connection: Disconnected
[17:26:42] [Server thread/INFO]: renato left the game
